[1230/154135:ERROR:renderer_main.cc(203)] Running without renderer sandbox
[1230/154136:ERROR:child_discardable_shared_memory_manager.cc(266)] size: 4194304
[1230/154137:INFO:CONSOLE(216)] "Uncaught SyntaxError: missing ) after argument list", source: https://g.csdnimg.cn/notification/1.3.5/main.js (216)
[1230/154137:INFO:CONSOLE(795)] "Mixed Content: The page at 'https://blog.csdn.net/barkzhang/article/details/7782240' was loaded over HTTPS, but requested an insecure image 'http://my.csdn.net/uploads/201207/25/1343215232_2670.PNG'. This content should also be served over HTTPS.", source: https://blog.csdn.net/barkzhang/article/details/7782240 (795)
[1230/154137:INFO:CONSOLE(797)] "Mixed Content: The page at 'https://blog.csdn.net/barkzhang/article/details/7782240' was loaded over HTTPS, but requested an insecure image 'http://my.csdn.net/uploads/201207/25/1343215263_4019.jpg'. This content should also be served over HTTPS.", source: https://blog.csdn.net/barkzhang/article/details/7782240 (797)
[1230/154137:INFO:CONSOLE(282)] "Uncaught SyntaxError: Block-scoped declarations (let, const, function, class) not yet supported outside strict mode", source: https://nbrecsys.4paradigm.com/resource/cus/csdn/sdk-csdn-render.js (282)
[1230/154137:INFO:CONSOLE(1059)] "Uncaught ReferenceError: p4CSDNRender_T is not defined", source: https://blog.csdn.net/barkzhang/article/details/7782240 (1059)
[1230/154138:INFO:CONSOLE(1)] "init cfg=", source: https://g.csdnimg.cn/baidu-search/1.0.0/baidu-search.js (1)
[1230/154138:INFO:CONSOLE(5053)] "Mixed Content: The page at 'https://blog.csdn.net/barkzhang/article/details/7782240' was loaded over HTTPS, but requested an insecure image 'http://img-ads.csdn.net/2018/201811231415276000.jpg'. This content should also be served over HTTPS.", source: https://blog.csdn.net/barkzhang/article/details/7782240 (5053)
[1230/154138:INFO:CONSOLE(5054)] "Mixed Content: The page at 'https://blog.csdn.net/barkzhang/article/details/7782240' was loaded over HTTPS, but requested an insecure image 'http://img-ads.csdn.net/2018/201811231428464985.jpg'. This content should also be served over HTTPS.", source: https://blog.csdn.net/barkzhang/article/details/7782240 (5054)
[1230/154139:ERROR:child_discardable_shared_memory_manager.cc(266)] size: 9830400
[1230/154139:ERROR:child_discardable_shared_memory_manager.cc(266)] size: 9830400
[1230/154141:INFO:CONSOLE(112)] "Uncaught RangeError: Maximum call stack size exceeded", source:  (112)
[1230/154142:INFO:CONSOLE(1)] "Â§ÑÁêÜservice:", source: https://g.csdnimg.cn/login-box/1.0.3/??login-box.js,login-auto.js?t=20181228151930 (1)
[1230/154142:INFO:CONSOLE(0)] "Synchronous XMLHttpRequest on the main thread is deprecated because of its detrimental effects to the end user's experience. For more help, check http://xhr.spec.whatwg.org/.", source:  (0)
[1230/154142:INFO:CONSOLE(4)] "Êú™‰ΩøÁî®ÁºñËæëÂô®ÁöÑÊèíÂÖ•‰ª£Á†ÅÊåâÈíÆÊèíÂÖ•‰ª£Á†ÅÊàñËÄÖÁºñËæëÂô®ÁîüÊàêÁöÑÊ∫ê‰ª£Á†ÅË¢´Á†¥Âùè", source: https://csdnimg.cn/release/phoenix/template/js/detail-b2ba514fe1.min.js (4)
[1230/154142:INFO:CONSOLE(4)] "Êú™‰ΩøÁî®ÁºñËæëÂô®ÁöÑÊèíÂÖ•‰ª£Á†ÅÊåâÈíÆÊèíÂÖ•‰ª£Á†ÅÊàñËÄÖÁºñËæëÂô®ÁîüÊàêÁöÑÊ∫ê‰ª£Á†ÅË¢´Á†¥Âùè", source: https://csdnimg.cn/release/phoenix/template/js/detail-b2ba514fe1.min.js (4)
[1230/154142:INFO:CONSOLE(1)] "Uncaught TypeError: Cannot read property 'trim' of undefined", source: https://csdnimg.cn/release/phoenix/vendor/tingyun/tingyun-rum-blog.js (1)
[1230/154142:INFO:CONSOLE(1)] "Uncaught TypeError: Cannot read property 'trim' of undefined", source: https://csdnimg.cn/release/phoenix/vendor/tingyun/tingyun-rum-blog.js (1)
[1230/154142:INFO:CONSOLE(1)] "Uncaught TypeError: Cannot read property 'trim' of undefined", source: https://csdnimg.cn/release/phoenix/vendor/tingyun/tingyun-rum-blog.js (1)
[1230/154142:INFO:CONSOLE(57)] "Uncaught TypeError: Cannot set property 'set' of undefined", source: https://rabc2.iteye.com/ndif?ros=UX&gsn=X_R&ns=LUWRSU_Z&vde=8KKGJ0U-0Td0Td2CF70y3J4E0yE5K0Td21IBQ81E70Td1IK93C50Td45K19CJ0TdYYZTTVR&zcs=X33R233U_VX3212X116W5WWR2V1R2645&nm=U&kbs=T&mom=srdzZ&nsc=R&zc=ST_SOSXU&ohzc=SSSRRS,SSRRRR&nks=T&zkb=STZROXYV&zsc=zSOzS&zmc=STXUOXVR&zcc=SUR_O_TR_&kxd=S&dzb=SWVXSWWX__ZRU&nbs=R&ndw=frkjynmqr&zbyd=T&6m9=abtep14i&1t3=wznyfzuxr&w64=j94d5kx1or&swt=1 (57)
[1230/154143:ERROR:child_discardable_shared_memory_manager.cc(266)] size: 4194304
[1230/154146:ERROR:child_discardable_shared_memory_manager.cc(266)] size: 4194304
[1230/154146:ERROR:child_discardable_shared_memory_manager.cc(266)] size: 4194304
[1230/154152:ERROR:child_discardable_shared_memory_manager.cc(266)] size: 4194304
[1230/154206:ERROR:child_discardable_shared_memory_manager.cc(266)] size: 9830400
[1230/154211:ERROR:child_discardable_shared_memory_manager.cc(266)] size: 4194304
[1230/154213:ERROR:child_discardable_shared_memory_manager.cc(266)] size: 4194304
[1230/154216:ERROR:child_discardable_shared_memory_manager.cc(266)] size: 4194304
[1230/154235:ERROR:child_discardable_shared_memory_manager.cc(266)] size: 9830400
[1230/154309:ERROR:child_discardable_shared_memory_manager.cc(266)] size: 9830400
[1230/154337:ERROR:child_discardable_shared_memory_manager.cc(266)] size: 9830400
[1230/154440:ERROR:child_discardable_shared_memory_manager.cc(266)] size: 9830400
[1230/154441:ERROR:child_discardable_shared_memory_manager.cc(266)] size: 4194304
[1230/154508:ERROR:child_discardable_shared_memory_manager.cc(266)] size: 9830400
[1230/154536:ERROR:child_discardable_shared_memory_manager.cc(266)] size: 9830400
[1230/154611:ERROR:child_discardable_shared_memory_manager.cc(266)] size: 9830400
[1230/154639:ERROR:child_discardable_shared_memory_manager.cc(266)] size: 9830400
[1230/154707:ERROR:child_discardable_shared_memory_manager.cc(266)] size: 9830400
[1230/154742:ERROR:child_discardable_shared_memory_manager.cc(266)] size: 9830400
[1230/154810:ERROR:child_discardable_shared_memory_manager.cc(266)] size: 9830400
[1230/154838:ERROR:child_discardable_shared_memory_manager.cc(266)] size: 9830400
[1230/154913:ERROR:child_discardable_shared_memory_manager.cc(266)] size: 9830400
[1230/154941:ERROR:child_discardable_shared_memory_manager.cc(266)] size: 9830400
[1230/155009:ERROR:child_discardable_shared_memory_manager.cc(266)] size: 9830400
[1230/155011:ERROR:child_discardable_shared_memory_manager.cc(266)] size: 4194304
[1230/155044:ERROR:child_discardable_shared_memory_manager.cc(266)] size: 9830400
[1230/155112:ERROR:child_discardable_shared_memory_manager.cc(266)] size: 9830400
[1230/155215:ERROR:child_discardable_shared_memory_manager.cc(266)] size: 9830400
[1230/155243:ERROR:child_discardable_shared_memory_manager.cc(266)] size: 9830400
[1230/155318:ERROR:child_discardable_shared_memory_manager.cc(266)] size: 9830400
[1230/155346:ERROR:child_discardable_shared_memory_manager.cc(266)] size: 9830400
[1230/155449:ERROR:child_discardable_shared_memory_manager.cc(266)] size: 9830400
[1230/155517:ERROR:child_discardable_shared_memory_manager.cc(266)] size: 9830400
[1230/155552:ERROR:child_discardable_shared_memory_manager.cc(266)] size: 9830400
[1230/155608:ERROR:child_discardable_shared_memory_manager.cc(266)] size: 4194304
[1230/155620:ERROR:child_discardable_shared_memory_manager.cc(266)] size: 9830400
[1230/155648:ERROR:child_discardable_shared_memory_manager.cc(266)] size: 9830400
[1230/155723:ERROR:child_discardable_shared_memory_manager.cc(266)] size: 9830400
[1230/155751:ERROR:child_discardable_shared_memory_manager.cc(266)] size: 9830400
[1230/155826:ERROR:child_discardable_shared_memory_manager.cc(266)] size: 9830400
[1230/155854:ERROR:child_discardable_shared_memory_manager.cc(266)] size: 9830400
[1230/155929:ERROR:child_discardable_shared_memory_manager.cc(266)] size: 9830400
[1230/155957:ERROR:child_discardable_shared_memory_manager.cc(266)] size: 9830400
[1230/160026:ERROR:child_discardable_shared_memory_manager.cc(266)] size: 9830400
[1230/160047:ERROR:child_discardable_shared_memory_manager.cc(266)] size: 4194304
[1230/160100:ERROR:child_discardable_shared_memory_manager.cc(266)] size: 9830400
[1230/160102:ERROR:child_discardable_shared_memory_manager.cc(266)] size: 4194304
[1230/160128:ERROR:child_discardable_shared_memory_manager.cc(266)] size: 9830400
[1230/160203:ERROR:child_discardable_shared_memory_manager.cc(266)] size: 9830400
[1230/160231:ERROR:child_discardable_shared_memory_manager.cc(266)] size: 9830400
[1230/160306:ERROR:child_discardable_shared_memory_manager.cc(266)] size: 9830400
[1230/160334:ERROR:child_discardable_shared_memory_manager.cc(266)] size: 9830400
[1230/160409:ERROR:child_discardable_shared_memory_manager.cc(266)] size: 9830400
[1230/160437:ERROR:child_discardable_shared_memory_manager.cc(266)] size: 9830400
[1230/160512:ERROR:child_discardable_shared_memory_manager.cc(266)] size: 9830400
[1230/160540:ERROR:child_discardable_shared_memory_manager.cc(266)] size: 9830400
[1230/160556:ERROR:child_discardable_shared_memory_manager.cc(266)] size: 4194304
[1230/160615:ERROR:child_discardable_shared_memory_manager.cc(266)] size: 9830400
[1230/160643:ERROR:child_discardable_shared_memory_manager.cc(266)] size: 9830400
[1230/160718:ERROR:child_discardable_shared_memory_manager.cc(266)] size: 9830400
[1230/160746:ERROR:child_discardable_shared_memory_manager.cc(266)] size: 9830400
[1230/160821:ERROR:child_discardable_shared_memory_manager.cc(266)] size: 9830400
[1230/160849:ERROR:child_discardable_shared_memory_manager.cc(266)] size: 9830400
[1230/160924:ERROR:child_discardable_shared_memory_manager.cc(266)] size: 9830400
[1230/160952:ERROR:child_discardable_shared_memory_manager.cc(266)] size: 9830400
[1230/161027:ERROR:child_discardable_shared_memory_manager.cc(266)] size: 9830400
[1230/161055:ERROR:child_discardable_shared_memory_manager.cc(266)] size: 9830400
[1230/161130:ERROR:child_discardable_shared_memory_manager.cc(266)] size: 9830400
[1230/161158:ERROR:child_discardable_shared_memory_manager.cc(266)] size: 9830400
[1230/161233:ERROR:child_discardable_shared_memory_manager.cc(266)] size: 9830400
[1230/161301:ERROR:child_discardable_shared_memory_manager.cc(266)] size: 9830400
[1230/161336:ERROR:child_discardable_shared_memory_manager.cc(266)] size: 9830400
[1230/161439:ERROR:child_discardable_shared_memory_manager.cc(266)] size: 9830400
[1230/161514:ERROR:child_discardable_shared_memory_manager.cc(266)] size: 9830400
[1230/161542:ERROR:child_discardable_shared_memory_manager.cc(266)] size: 9830400
[1230/161617:ERROR:child_discardable_shared_memory_manager.cc(266)] size: 9830400
[1230/161645:ERROR:child_discardable_shared_memory_manager.cc(266)] size: 9830400
[1230/161720:ERROR:child_discardable_shared_memory_manager.cc(266)] size: 9830400
[1230/161750:ERROR:child_discardable_shared_memory_manager.cc(266)] size: 9830400
[1230/161823:ERROR:child_discardable_shared_memory_manager.cc(266)] size: 9830400
[1230/161858:ERROR:child_discardable_shared_memory_manager.cc(266)] size: 9830400
[1230/161926:ERROR:child_discardable_shared_memory_manager.cc(266)] size: 9830400
[1230/161936:ERROR:child_discardable_shared_memory_manager.cc(266)] size: 4194304
[1230/162001:ERROR:child_discardable_shared_memory_manager.cc(266)] size: 9830400
[1230/162104:ERROR:child_discardable_shared_memory_manager.cc(266)] size: 9830400
[1230/162139:ERROR:child_discardable_shared_memory_manager.cc(266)] size: 9830400
[1230/162207:ERROR:child_discardable_shared_memory_manager.cc(266)] size: 9830400
[1230/162242:ERROR:child_discardable_shared_memory_manager.cc(266)] size: 9830400
[1230/162317:ERROR:child_discardable_shared_memory_manager.cc(266)] size: 9830400
[1230/162345:ERROR:child_discardable_shared_memory_manager.cc(266)] size: 9830400
[1230/162420:ERROR:child_discardable_shared_memory_manager.cc(266)] size: 9830400
[1230/162427:ERROR:child_discardable_shared_memory_manager.cc(266)] size: 4194304
[1230/162427:ERROR:child_discardable_shared_memory_manager.cc(266)] size: 4194304
[1230/162427:ERROR:child_discardable_shared_memory_manager.cc(266)] size: 4194304
[1230/162427:ERROR:child_discardable_shared_memory_manager.cc(266)] size: 4194304
[1230/162448:ERROR:child_discardable_shared_memory_manager.cc(266)] size: 9830400
[1230/162524:ERROR:child_discardable_shared_memory_manager.cc(266)] size: 9830400
[1230/162558:ERROR:child_discardable_shared_memory_manager.cc(266)] size: 9830400
[1230/162627:ERROR:child_discardable_shared_memory_manager.cc(266)] size: 9830400
[1230/162701:ERROR:child_discardable_shared_memory_manager.cc(266)] size: 9830400
[1230/162726:ERROR:child_discardable_shared_memory_manager.cc(266)] size: 4194304
[1230/162736:ERROR:child_discardable_shared_memory_manager.cc(266)] size: 4194304
[1230/162736:ERROR:child_discardable_shared_memory_manager.cc(266)] size: 9830400
[1230/162745:ERROR:child_discardable_shared_memory_manager.cc(266)] size: 4194304
[1230/162745:ERROR:child_discardable_shared_memory_manager.cc(266)] size: 4194304
[1230/162751:ERROR:child_discardable_shared_memory_manager.cc(266)] size: 4194304
[1230/162751:ERROR:child_discardable_shared_memory_manager.cc(266)] size: 4194304
[1230/162805:ERROR:child_discardable_shared_memory_manager.cc(266)] size: 9830400
[1230/162840:ERROR:child_discardable_shared_memory_manager.cc(266)] size: 9830400
[1230/162915:ERROR:child_discardable_shared_memory_manager.cc(266)] size: 9830400
[1230/162943:ERROR:child_discardable_shared_memory_manager.cc(266)] size: 9830400
[1230/163018:ERROR:child_discardable_shared_memory_manager.cc(266)] size: 9830400
[1230/163053:ERROR:child_discardable_shared_memory_manager.cc(266)] size: 9830400
[1230/163057:ERROR:child_discardable_shared_memory_manager.cc(266)] size: 4194304
[1230/163057:ERROR:child_discardable_shared_memory_manager.cc(266)] size: 4194304
[1230/163121:ERROR:child_discardable_shared_memory_manager.cc(266)] size: 9830400
[1230/163145:ERROR:child_discardable_shared_memory_manager.cc(266)] size: 4194304
[1230/163145:ERROR:child_discardable_shared_memory_manager.cc(266)] size: 4194304
[1230/163156:ERROR:child_discardable_shared_memory_manager.cc(266)] size: 9830400
[1230/163157:ERROR:child_discardable_shared_memory_manager.cc(266)] size: 4194304
[1230/163157:ERROR:child_discardable_shared_memory_manager.cc(266)] size: 4194304
[1230/163231:ERROR:child_discardable_shared_memory_manager.cc(266)] size: 9830400
[1230/163334:ERROR:child_discardable_shared_memory_manager.cc(266)] size: 9830400
[1230/163409:ERROR:child_discardable_shared_memory_manager.cc(266)] size: 9830400
[1230/163424:ERROR:child_discardable_shared_memory_manager.cc(266)] size: 4194304
[1230/163424:ERROR:child_discardable_shared_memory_manager.cc(266)] size: 4194304
[1230/163444:ERROR:child_discardable_shared_memory_manager.cc(266)] size: 9830400
[1230/163457:ERROR:child_discardable_shared_memory_manager.cc(266)] size: 4194304
[1230/163457:ERROR:child_discardable_shared_memory_manager.cc(266)] size: 4194304
[1230/163512:ERROR:child_discardable_shared_memory_manager.cc(266)] size: 9830400
[1230/163547:ERROR:child_discardable_shared_memory_manager.cc(266)] size: 9830400
[1230/163551:ERROR:child_discardable_shared_memory_manager.cc(266)] size: 4194304
[1230/163551:ERROR:child_discardable_shared_memory_manager.cc(266)] size: 4194304
[1230/163622:ERROR:child_discardable_shared_memory_manager.cc(266)] size: 9830400
[1230/163650:ERROR:child_discardable_shared_memory_manager.cc(266)] size: 9830400
[1230/163725:ERROR:child_discardable_shared_memory_manager.cc(266)] size: 9830400
[1230/163730:ERROR:child_discardable_shared_memory_manager.cc(266)] size: 4194304
[1230/163730:ERROR:child_discardable_shared_memory_manager.cc(266)] size: 4194304
[1230/163800:ERROR:child_discardable_shared_memory_manager.cc(266)] size: 9830400
[1230/163812:ERROR:child_discardable_shared_memory_manager.cc(266)] size: 4194304
[1230/163812:ERROR:child_discardable_shared_memory_manager.cc(266)] size: 4194304
[1230/163835:ERROR:child_discardable_shared_memory_manager.cc(266)] size: 9830400
[1230/163903:ERROR:child_discardable_shared_memory_manager.cc(266)] size: 9830400
[1230/163906:ERROR:child_discardable_shared_memory_manager.cc(266)] size: 4194304
[1230/163938:ERROR:child_discardable_shared_memory_manager.cc(266)] size: 9830400
[1230/164013:ERROR:child_discardable_shared_memory_manager.cc(266)] size: 9830400
[1230/164048:ERROR:child_discardable_shared_memory_manager.cc(266)] size: 9830400
[1230/164116:ERROR:child_discardable_shared_memory_manager.cc(266)] size: 9830400
[1230/164151:ERROR:child_discardable_shared_memory_manager.cc(266)] size: 9830400
[1230/164210:ERROR:child_discardable_shared_memory_manager.cc(266)] size: 4194304
[1230/164210:ERROR:child_discardable_shared_memory_manager.cc(266)] size: 4194304
[1230/164226:ERROR:child_discardable_shared_memory_manager.cc(266)] size: 9830400
[1230/164301:ERROR:child_discardable_shared_memory_manager.cc(266)] size: 9830400
[1230/164329:ERROR:child_discardable_shared_memory_manager.cc(266)] size: 9830400
[1230/164404:ERROR:child_discardable_shared_memory_manager.cc(266)] size: 9830400
[1230/164439:ERROR:child_discardable_shared_memory_manager.cc(266)] size: 9830400
[1230/164514:ERROR:child_discardable_shared_memory_manager.cc(266)] size: 9830400
[1230/164543:ERROR:child_discardable_shared_memory_manager.cc(266)] size: 9830400
[1230/164617:ERROR:child_discardable_shared_memory_manager.cc(266)] size: 9830400
[1230/164652:ERROR:child_discardable_shared_memory_manager.cc(266)] size: 9830400
[1230/164727:ERROR:child_discardable_shared_memory_manager.cc(266)] size: 9830400
[1230/164802:ERROR:child_discardable_shared_memory_manager.cc(266)] size: 9830400
[1230/164831:ERROR:child_discardable_shared_memory_manager.cc(266)] size: 9830400
[1230/164905:ERROR:child_discardable_shared_memory_manager.cc(266)] size: 9830400
[1230/164931:ERROR:child_discardable_shared_memory_manager.cc(266)] size: 4194304
[1230/164931:ERROR:child_discardable_shared_memory_manager.cc(266)] size: 4194304
[1230/164940:ERROR:child_discardable_shared_memory_manager.cc(266)] size: 9830400
[1230/165015:ERROR:child_discardable_shared_memory_manager.cc(266)] size: 9830400
[1230/165050:ERROR:child_discardable_shared_memory_manager.cc(266)] size: 9830400
[1230/165125:ERROR:child_discardable_shared_memory_manager.cc(266)] size: 9830400
[1230/165228:ERROR:child_discardable_shared_memory_manager.cc(266)] size: 9830400
[1230/165303:ERROR:child_discardable_shared_memory_manager.cc(266)] size: 9830400
[1230/165338:ERROR:child_discardable_shared_memory_manager.cc(266)] size: 9830400
[1230/165413:ERROR:child_discardable_shared_memory_manager.cc(266)] size: 9830400
[1230/165448:ERROR:child_discardable_shared_memory_manager.cc(266)] size: 9830400
[1230/165551:ERROR:child_discardable_shared_memory_manager.cc(266)] size: 9830400
[1230/165626:ERROR:child_discardable_shared_memory_manager.cc(266)] size: 9830400
[1230/165649:ERROR:child_discardable_shared_memory_manager.cc(266)] size: 4194304
[1230/165649:ERROR:child_discardable_shared_memory_manager.cc(266)] size: 4194304
[1230/165701:ERROR:child_discardable_shared_memory_manager.cc(266)] size: 9830400
[1230/165736:ERROR:child_discardable_shared_memory_manager.cc(266)] size: 9830400
[1230/165811:ERROR:child_discardable_shared_memory_manager.cc(266)] size: 9830400
[1230/165846:ERROR:child_discardable_shared_memory_manager.cc(266)] size: 9830400
[1230/165921:ERROR:child_discardable_shared_memory_manager.cc(266)] size: 9830400
[1230/170024:ERROR:child_discardable_shared_memory_manager.cc(266)] size: 9830400
[1230/170054:WARNING:raw_channel_win.cc(473)] WriteFile: π‹µ¿’˝‘⁄±ªπÿ±’°£ (0xE8)
[1230/170054:WARNING:channel.cc(549)] Failed to send message to remove remote endpoint (local ID 1, remote ID 1)
[1230/170054:WARNING:channel.cc(549)] Failed to send message to remove remote endpoint (local ID 2, remote ID 2147483648)
[1230/170054:WARNING:ipc_channel_win.cc(276)] Unable to create pipe "\\.\pipe\chrome.18108.2.155944498" in client mode: œµÕ≥’“≤ªµΩ÷∏∂®µƒŒƒº˛°£ (0x2)
